2025-02-23 14:09:57,973 - INFO - logging in using static token
2025-02-23 14:09:59,398 - INFO - Shard ID 0 has sent the IDENTIFY payload.
2025-02-23 14:09:59,754 - INFO - Shard ID 0 has connected to Gateway: ["gateway-prd-us-east1-b-wc8l",{"micros":96584,"calls":["id_created",{"micros":1296,"calls":[]},"session_lookup_time",{"micros":239,"calls":[]},"session_lookup_finished",{"micros":15,"calls":[]},"discord-sessions-prd-1-199",{"micros":92721,"calls":["start_session",{"micros":31405,"calls":["discord-api-rpc-65857c9775-v8587",{"micros":26754,"calls":["get_user",{"micros":4557},"get_guilds",{"micros":2921},"send_scheduled_deletion_message",{"micros":6},"guild_join_requests",{"micros":0},"authorized_ip_coro",{"micros":5},"pending_payments",{"micros":660}]}]},"starting_guild_connect",{"micros":39,"calls":[]},"presence_started",{"micros":23634,"calls":[]},"guilds_started",{"micros":78,"calls":[]},"lobbies_started",{"micros":1,"calls":[]},"guilds_connect",{"micros":1,"calls":[]},"presence_connect",{"micros":37539,"calls":[]},"connect_finished",{"micros":37545,"calls":[]},"build_ready",{"micros":17,"calls":[]},"clean_ready",{"micros":1,"calls":[]},"optimize_ready",{"micros":0,"calls":[]},"split_ready",{"micros":1,"calls":[]}]}]}] (Session ID: 1a021280d710340b25716a0ff916d567, Resume URL: wss://gateway-us-east1-b.discord.gg).
2025-02-23 14:10:01,794 - INFO - Bot has started as Mod Flare#3448✅
2025-02-23 14:10:01,794 - INFO - Servering in 1
2025-02-23 14:10:01,794 - INFO - Bot started and all sytem [32mOK[39m
2025-02-23 14:10:01,795 - INFO - Bot has started as Mod Flare#3448✅
2025-02-23 14:10:01,795 - INFO - Servering in 1
2025-02-23 14:10:01,795 - INFO - Bot started and all sytem [32mOK[39m
2025-02-23 14:10:20,518 - INFO - logging in using static token
2025-02-23 14:10:22,126 - INFO - Shard ID 0 has sent the IDENTIFY payload.
2025-02-23 14:10:22,427 - INFO - Shard ID 0 has connected to Gateway: ["gateway-prd-us-east1-b-tfvz",{"micros":53855,"calls":["id_created",{"micros":776,"calls":[]},"session_lookup_time",{"micros":2063,"calls":[]},"session_lookup_finished",{"micros":15,"calls":[]},"discord-sessions-prd-1-265",{"micros":50704,"calls":["start_session",{"micros":32804,"calls":["discord-api-rpc-65857c9775-rlqdx",{"micros":27992,"calls":["get_user",{"micros":4983},"get_guilds",{"micros":2623},"send_scheduled_deletion_message",{"micros":7},"guild_join_requests",{"micros":798},"authorized_ip_coro",{"micros":7},"pending_payments",{"micros":403}]}]},"starting_guild_connect",{"micros":35,"calls":[]},"presence_started",{"micros":269,"calls":[]},"guilds_started",{"micros":78,"calls":[]},"lobbies_started",{"micros":2,"calls":[]},"guilds_connect",{"micros":2,"calls":[]},"presence_connect",{"micros":17489,"calls":[]},"connect_finished",{"micros":17494,"calls":[]},"build_ready",{"micros":20,"calls":[]},"clean_ready",{"micros":0,"calls":[]},"optimize_ready",{"micros":1,"calls":[]},"split_ready",{"micros":0,"calls":[]}]}]}] (Session ID: 2e7f066ed93fb1618492e39facf027d6, Resume URL: wss://gateway-us-east1-b.discord.gg).
2025-02-23 14:10:24,497 - INFO - Bot has started as Mod Flare#3448✅
2025-02-23 14:10:24,498 - INFO - Servering in 1
2025-02-23 14:10:24,498 - INFO - Bot started and all sytem [32mOK[39m
2025-02-23 14:44:48,945 - INFO - logging in using static token
2025-02-23 14:44:50,421 - INFO - Shard ID 0 has sent the IDENTIFY payload.
2025-02-23 14:44:50,967 - INFO - Shard ID 0 has connected to Gateway: ["gateway-prd-us-east1-b-sm99",{"micros":258686,"calls":["id_created",{"micros":621,"calls":[]},"session_lookup_time",{"micros":2084,"calls":[]},"session_lookup_finished",{"micros":13,"calls":[]},"discord-sessions-prd-1-49",{"micros":255690,"calls":["start_session",{"micros":248972,"calls":["discord-api-rpc-65857c9775-nrjjp",{"micros":242243,"calls":["get_user",{"micros":212176},"get_guilds",{"micros":3712},"send_scheduled_deletion_message",{"micros":5},"guild_join_requests",{"micros":1},"authorized_ip_coro",{"micros":7},"pending_payments",{"micros":417}]}]},"starting_guild_connect",{"micros":70,"calls":[]},"presence_started",{"micros":287,"calls":[]},"guilds_started",{"micros":89,"calls":[]},"lobbies_started",{"micros":1,"calls":[]},"guilds_connect",{"micros":1,"calls":[]},"presence_connect",{"micros":6249,"calls":[]},"connect_finished",{"micros":6254,"calls":[]},"build_ready",{"micros":14,"calls":[]},"clean_ready",{"micros":1,"calls":[]},"optimize_ready",{"micros":0,"calls":[]},"split_ready",{"micros":1,"calls":[]}]}]}] (Session ID: 3411bd87c00c1fb22258ca9fddaac6dd, Resume URL: wss://gateway-us-east1-b.discord.gg).
2025-02-23 14:44:52,995 - INFO - Bot has started as Mod Flare#3448✅
2025-02-23 14:44:52,995 - INFO - Servering in 1
2025-02-23 14:44:52,995 - INFO - Bot started and all sytem [32mOK[39m
2025-02-23 14:45:39,183 - INFO - logging in using static token
2025-02-23 14:45:40,434 - INFO - Shard ID 0 has sent the IDENTIFY payload.
2025-02-23 14:45:40,733 - INFO - Shard ID 0 has connected to Gateway: ["gateway-prd-us-east1-b-s9jx",{"micros":52053,"calls":["id_created",{"micros":2413,"calls":[]},"session_lookup_time",{"micros":296,"calls":[]},"session_lookup_finished",{"micros":14,"calls":[]},"discord-sessions-prd-1-271",{"micros":49068,"calls":["start_session",{"micros":32098,"calls":["discord-api-rpc-65857c9775-c2828",{"micros":28240,"calls":["get_user",{"micros":5486},"get_guilds",{"micros":5444},"send_scheduled_deletion_message",{"micros":5},"guild_join_requests",{"micros":260},"authorized_ip_coro",{"micros":6},"pending_payments",{"micros":292}]}]},"starting_guild_connect",{"micros":72,"calls":[]},"presence_started",{"micros":16496,"calls":[]},"guilds_started",{"micros":108,"calls":[]},"lobbies_started",{"micros":2,"calls":[]},"guilds_connect",{"micros":2,"calls":[]},"presence_connect",{"micros":264,"calls":[]},"connect_finished",{"micros":269,"calls":[]},"build_ready",{"micros":20,"calls":[]},"clean_ready",{"micros":0,"calls":[]},"optimize_ready",{"micros":1,"calls":[]},"split_ready",{"micros":1,"calls":[]}]}]}] (Session ID: 6ab8b8b464b02da30c85d7bf3424f1a5, Resume URL: wss://gateway-us-east1-b.discord.gg).
2025-02-23 14:45:42,814 - INFO - Bot has started as Mod Flare#3448✅
2025-02-23 14:45:42,815 - INFO - Servering in 1
2025-02-23 14:45:42,815 - INFO - Bot started and all sytem [32mOK[39m
2025-02-23 14:59:07,929 - INFO - logging in using static token
2025-02-23 14:59:09,451 - INFO - Shard ID 0 has sent the IDENTIFY payload.
2025-02-23 14:59:09,814 - INFO - Shard ID 0 has connected to Gateway: ["gateway-prd-us-east1-c-r3jd",{"micros":101004,"calls":["id_created",{"micros":759,"calls":[]},"session_lookup_time",{"micros":257,"calls":[]},"session_lookup_finished",{"micros":12,"calls":[]},"discord-sessions-prd-1-59",{"micros":99023,"calls":["start_session",{"micros":54486,"calls":["discord-api-rpc-65857c9775-9x99b",{"micros":48111,"calls":["get_user",{"micros":10049},"get_guilds",{"micros":6460},"send_scheduled_deletion_message",{"micros":8},"guild_join_requests",{"micros":1},"authorized_ip_coro",{"micros":8},"pending_payments",{"micros":657}]}]},"starting_guild_connect",{"micros":68,"calls":[]},"presence_started",{"micros":23646,"calls":[]},"guilds_started",{"micros":80,"calls":[]},"lobbies_started",{"micros":1,"calls":[]},"guilds_connect",{"micros":1,"calls":[]},"presence_connect",{"micros":20714,"calls":[]},"connect_finished",{"micros":20720,"calls":[]},"build_ready",{"micros":18,"calls":[]},"clean_ready",{"micros":1,"calls":[]},"optimize_ready",{"micros":0,"calls":[]},"split_ready",{"micros":1,"calls":[]}]}]}] (Session ID: 9acd18911ef245cd80cd8e2b7fe07b7a, Resume URL: wss://gateway-us-east1-c.discord.gg).
2025-02-23 14:59:11,891 - INFO - Bot has started as Mod Flare#3448✅
2025-02-23 14:59:11,891 - INFO - Servering in 1
2025-02-23 14:59:11,891 - INFO - Bot started and all sytem [32mOK[39m
2025-02-23 17:45:35,956 - INFO - logging in using static token
2025-02-23 17:45:37,391 - INFO - Shard ID 0 has sent the IDENTIFY payload.
2025-02-23 17:45:37,759 - INFO - Shard ID 0 has connected to Gateway: ["gateway-prd-us-east1-d-tphr",{"micros":104427,"calls":["id_created",{"micros":1132,"calls":[]},"session_lookup_time",{"micros":1546,"calls":[]},"session_lookup_finished",{"micros":13,"calls":[]},"discord-sessions-prd-1-210",{"micros":101181,"calls":["start_session",{"micros":82837,"calls":["discord-api-rpc-65857c9775-x64ml",{"micros":77242,"calls":["get_user",{"micros":7609},"get_guilds",{"micros":25229},"send_scheduled_deletion_message",{"micros":8},"guild_join_requests",{"micros":11552},"authorized_ip_coro",{"micros":11},"pending_payments",{"micros":468}]}]},"starting_guild_connect",{"micros":40,"calls":[]},"presence_started",{"micros":357,"calls":[]},"guilds_started",{"micros":85,"calls":[]},"lobbies_started",{"micros":1,"calls":[]},"guilds_connect",{"micros":1,"calls":[]},"presence_connect",{"micros":17832,"calls":[]},"connect_finished",{"micros":17838,"calls":[]},"build_ready",{"micros":20,"calls":[]},"clean_ready",{"micros":0,"calls":[]},"optimize_ready",{"micros":1,"calls":[]},"split_ready",{"micros":0,"calls":[]}]}]}] (Session ID: 736cd9b497d6274ed774dcd5bbdb7ef2, Resume URL: wss://gateway-us-east1-d.discord.gg).
2025-02-23 17:45:39,850 - INFO - Bot has started as Mod Flare#3448✅
2025-02-23 17:45:39,851 - INFO - Servering in 1
2025-02-23 17:45:39,851 - INFO - Bot started and all sytem [32mOK[39m
2025-02-23 18:44:54,094 - INFO - Received signal to terminate bot and event loop.
2025-02-23 18:44:54,095 - INFO - Cleaning up tasks.
2025-02-23 18:44:54,095 - INFO - Cleaning up after 2 tasks.
2025-02-23 18:44:54,098 - INFO - All tasks finished cancelling.
2025-02-23 18:44:54,098 - INFO - Closing the event loop.
2025-02-23 18:45:12,659 - INFO - logging in using static token
2025-02-23 18:45:13,935 - INFO - Shard ID 0 has sent the IDENTIFY payload.
2025-02-23 18:45:14,307 - INFO - Shard ID 0 has connected to Gateway: ["gateway-prd-us-east1-c-xc65",{"micros":97544,"calls":["id_created",{"micros":1213,"calls":[]},"session_lookup_time",{"micros":2074,"calls":[]},"session_lookup_finished",{"micros":17,"calls":[]},"discord-sessions-prd-1-56",{"micros":93703,"calls":["start_session",{"micros":42806,"calls":["discord-api-rpc-65857c9775-tdwnf",{"micros":38927,"calls":["get_user",{"micros":7064},"get_guilds",{"micros":6634},"send_scheduled_deletion_message",{"micros":5},"guild_join_requests",{"micros":0},"authorized_ip_coro",{"micros":7},"pending_payments",{"micros":277}]}]},"starting_guild_connect",{"micros":44,"calls":[]},"presence_started",{"micros":4643,"calls":[]},"guilds_started",{"micros":101,"calls":[]},"lobbies_started",{"micros":2,"calls":[]},"guilds_connect",{"micros":2,"calls":[]},"presence_connect",{"micros":46067,"calls":[]},"connect_finished",{"micros":46072,"calls":[]},"build_ready",{"micros":21,"calls":[]},"clean_ready",{"micros":0,"calls":[]},"optimize_ready",{"micros":1,"calls":[]},"split_ready",{"micros":1,"calls":[]}]}]}] (Session ID: 0d56115e11f040cd3a1b302139ae1b14, Resume URL: wss://gateway-us-east1-c.discord.gg).
2025-02-23 18:45:16,358 - INFO - Bot has started as Mod Flare#3448✅
2025-02-23 18:45:16,359 - INFO - Servering in 1
2025-02-23 18:45:16,360 - INFO - Bot started and all sytem [32mOK[39m
